Removed Pin From Net: NetName=UART0_RXD Pin=J1-43
Removed Pin From Net: NetName=UART0_RXD Pin=J1-45
Removed Pin From Net: NetName=UART0_RXD Pin=J1-47
Removed Pin From Net: NetName=UART0_RXD Pin=J1-49
Removed Pin From Net: NetName=DO_D0 Pin=J2-49
Removed Pin From Net: NetName=VD_D1 Pin=MH4-1
Added Component: Designator=MH5(VA-2.2-W)
Add component. Clean all parameters for all variants
Added Component: Designator=MH6(VA-2.2-W)
Add component. Clean all parameters for all variants
Added Component: Designator=MH7(VA-2.2-W)
Add component. Clean all parameters for all variants
Added Component: Designator=MH8(VA-2.2-W)
Add component. Clean all parameters for all variants
Added Pin To Net: NetName=VD_RSTN Pin=J1-1
Added Pin To Net: NetName=+3.3V Pin=J1-2
Added Pin To Net: NetName=USB_VBUS_EN Pin=J1-3
Added Pin To Net: NetName=UART1_RXD Pin=J1-4
Added Pin To Net: NetName=GND Pin=J1-5
Added Pin To Net: NetName=IR_PWM Pin=J1-7
Added Pin To Net: NetName=VD_SCK Pin=J1-8
Added Pin To Net: NetName=GND Pin=J1-9
Added Pin To Net: NetName=VD_SIMO Pin=J1-10
Added Pin To Net: NetName=VD_CS Pin=J1-11
Added Pin To Net: NetName=UART1_TXD Pin=J1-12
Added Pin To Net: NetName=VD_SOMI Pin=J1-13
Added Pin To Net: NetName=USB_DP Pin=J1-14
Added Pin To Net: NetName=USB_DN Pin=J1-15
Added Pin To Net: NetName=USB_VBUS Pin=J1-16
Added Pin To Net: NetName=GND Pin=J1-17
Added Pin To Net: NetName=+3.3V Pin=J1-22
Added Pin To Net: NetName=I2C_SCL Pin=J1-24
Added Pin To Net: NetName=I2C_SDA Pin=J1-26
Added Pin To Net: NetName=GND Pin=J1-27
Added Pin To Net: NetName=+3.3V Pin=J1-28
Added Pin To Net: NetName=GND Pin=J1-29
Added Pin To Net: NetName=+3.3V Pin=J1-30
Added Pin To Net: NetName=AOUT Pin=J1-31
Added Pin To Net: NetName=FD_SW Pin=J1-32
Added Pin To Net: NetName=GND Pin=J1-33
Added Pin To Net: NetName=UART0_RXD Pin=J1-34
Added Pin To Net: NetName=SD0_INS Pin=J1-35
Added Pin To Net: NetName=UART0_TXD Pin=J1-36
Added Pin To Net: NetName=DAC_OUT Pin=J1-37
Added Pin To Net: NetName=AIN Pin=J1-39
Added Pin To Net: NetName=GND Pin=J1-41
Added Pin To Net: NetName=USB_VBUS_OCN Pin=J1-42
Added Pin To Net: NetName=GND Pin=J1-43
Added Pin To Net: NetName=+3.3V Pin=J1-44
Added Pin To Net: NetName=LED_MLINK Pin=J1-45
Added Pin To Net: NetName=EPHY_TRCT Pin=J1-46
Added Pin To Net: NetName=TPTX- Pin=J1-47
Added Pin To Net: NetName=TPRX+ Pin=J1-48
Added Pin To Net: NetName=TPTX+ Pin=J1-49
Added Pin To Net: NetName=TPRX- Pin=J1-50
Added Pin To Net: NetName=+3.3V Pin=J2-1
Added Pin To Net: NetName=GND Pin=J2-2
Added Pin To Net: NetName=TDN_OUT1 Pin=J2-3
Added Pin To Net: NetName=DI_D0 Pin=J2-4
Added Pin To Net: NetName=TDN_OUT2 Pin=J2-6
Added Pin To Net: NetName=DO_D0 Pin=J2-8
Added Pin To Net: NetName=RTS_485 Pin=J2-9
Added Pin To Net: NetName=LED_GN Pin=J2-10
Added Pin To Net: NetName=DI_TYPE Pin=J2-11
Added Pin To Net: NetName=GND Pin=J2-12
Added Pin To Net: NetName=SD0_CMD Pin=J2-13
Added Pin To Net: NetName=SD0_CLK Pin=J2-14
Added Pin To Net: NetName=SD0_DATA3 Pin=J2-15
Added Pin To Net: NetName=SD0_DATA2 Pin=J2-16
Added Pin To Net: NetName=SD0_DATA0 Pin=J2-17
Added Pin To Net: NetName=SD0_DATA1 Pin=J2-18
Added Pin To Net: NetName=ZOOM_CTRL_NFAULT Pin=J2-19
Added Pin To Net: NetName=FOCUS_CTRL_NFAULT Pin=J2-21
Added Pin To Net: NetName=ZOOM_CTRL_NSLEEP Pin=J2-22
Added Pin To Net: NetName=FOCUS_CTRL_CLK Pin=J2-23
Added Pin To Net: NetName=FOCUS_CTRL_NSLEEP Pin=J2-24
Added Pin To Net: NetName=ZOOM_CTRL_EN Pin=J2-25
Added Pin To Net: NetName=FOCUS_CTRL_DIR Pin=J2-26
Added Pin To Net: NetName=LENC_IRIS_PWM2 Pin=J2-27
Added Pin To Net: NetName=ZOOM_CTRL_CLK Pin=J2-28
Added Pin To Net: NetName=FOCUS_CTRL_EN Pin=J2-29
Added Pin To Net: NetName=LENC_IRIS_PWM1 Pin=J2-30
Added Pin To Net: NetName=+3.3V Pin=J2-31
Added Pin To Net: NetName=ZOOM_CTRL_DIR Pin=J2-32
Added Pin To Net: NetName=VD_D1 Pin=J2-33
Added Pin To Net: NetName=GND Pin=J2-34
Added Pin To Net: NetName=VD_D0 Pin=J2-35
Added Pin To Net: NetName=VD_D3 Pin=J2-36
Added Pin To Net: NetName=VD_D5 Pin=J2-37
Added Pin To Net: NetName=VD_D4 Pin=J2-38
Added Pin To Net: NetName=VD_D7 Pin=J2-39
Added Pin To Net: NetName=VD_D2 Pin=J2-40
Added Pin To Net: NetName=VD_D6 Pin=J2-41
Added Pin To Net: NetName=VD_D10 Pin=J2-42
Added Pin To Net: NetName=VD_D11 Pin=J2-43
Added Pin To Net: NetName=VD_D8 Pin=J2-44
Added Pin To Net: NetName=VD_HS Pin=J2-45
Added Pin To Net: NetName=VD_D9 Pin=J2-46
Added Pin To Net: NetName=VD_VS Pin=J2-47
Added Pin To Net: NetName=GND Pin=J2-48
Added Pin To Net: NetName=GND Pin=J2-49
Added Pin To Net: NetName=VD_PCLK Pin=J2-50
Added Pin To Net: NetName=GND Pin=MH4-1
Added Pin To Net: NetName=GND Pin=MH5-1
Added Pin To Net: NetName=GND Pin=MH6-1
Added Pin To Net: NetName=GND Pin=MH7-1
Added Pin To Net: NetName=GND Pin=MH8-1
