Removed Pin From Net: NetName=GND Pin=BC38-1
Removed Pin From Net: NetName=+3.3V Pin=FB5-1
Removed Pin From Net: NetName=POE_LINE_4_5+ Pin=J3-9
Removed Pin From Net: NetName=POE_LINE_7_8- Pin=J3-10
Removed Pin From Net: NetName=GND Pin=J3-11
Removed Pin From Net: NetName=GND Pin=J3-12
Removed Pin From Net: NetName=SD0_DATA2 Pin=J6-1
Removed Pin From Net: NetName=SD0_DATA3 Pin=J6-2
Removed Pin From Net: NetName=SD0_CMD Pin=J6-3
Removed Pin From Net: NetName=SD0_CLK Pin=J6-5
Removed Pin From Net: NetName=SD0_DATA0 Pin=J6-7
Removed Pin From Net: NetName=SD0_DATA1 Pin=J6-8
Removed Pin From Net: NetName=GND Pin=J6-9
Removed Pin From Net: NetName=GND Pin=J6-10
Removed Pin From Net: NetName=GND Pin=J6-11
Removed Pin From Net: NetName=GND Pin=J6-12
Removed Pin From Net: NetName=SD0_INS Pin=J6-CD
Removed Pin From Net: NetName=SD0_CLK Pin=RP6-1
Removed Pin From Net: NetName=+3.3V Pin=RP6-2
Removed Pin From Net: NetName=SD0_DATA0 Pin=RP6-3
Removed Pin From Net: NetName=+3.3V Pin=RP6-4
Removed Pin From Net: NetName=SD0_DATA1 Pin=RP6-5
Removed Pin From Net: NetName=+3.3V Pin=RP6-6
Removed Pin From Net: NetName=SD0_INS Pin=RP6-7
Removed Pin From Net: NetName=+3.3V Pin=RP6-8
Removed Pin From Net: NetName=+3.3V Pin=RP7-2
Removed Pin From Net: NetName=SD0_DATA3 Pin=RP7-3
Removed Pin From Net: NetName=+3.3V Pin=RP7-4
Removed Pin From Net: NetName=SD0_CMD Pin=RP7-5
Removed Pin From Net: NetName=+3.3V Pin=RP7-6
Removed Pin From Net: NetName=SD0_DATA2 Pin=RP7-7
Removed Pin From Net: NetName=+3.3V Pin=RP7-8
Change Component DesignItemId : Designator=J3 Old DesignItemId=12505WS-10 New DesignItemId=12505WS-08
Change Component DesignItemId : Designator=J6 Old DesignItemId=CON_u-SD/NI New DesignItemId=CON 4P
Change Component DesignItemId : Designator=D1 Old DesignItemId=MB6S New DesignItemId=MB2S_bridge
Change Component Footprint: Designator=J3 Old Footprint=12505WS-10P New Footprint=12505WS-8P
Change Component Footprint: Designator=J6 Old Footprint=CON_u-SD New Footprint=12505WR-4P
Change Component Comment : Designator=J3 Old Comment=12505WS-10 New Comment=12505WS-08
Change Component Comment : Designator=J6 Old Comment=CON_u-SD/NI New Comment=CON 4P
Change Component Comment : Designator=D1 Old Comment=MB6S New Comment=MB2S_bridge
Added Pin To Net: NetName=GND Pin=J3-9
Added Pin To Net: NetName=GND Pin=J3-10
Added Pin To Net: NetName=+12V_POE Pin=J6-1
Added Pin To Net: NetName=GND Pin=J6-2
Added Pin To Net: NetName=POE_LINE_4_5+ Pin=J6-3
Added Pin To Net: NetName=POE_LINE_7_8- Pin=J6-4
Added Pin To Net: NetName=GND Pin=J6-5
Change Net Name : Old Net Name=N17346698 New Net Name=N17371906
