Added Component: Designator=C19(CS-1608)
Add component. Clean all parameters for all variants
Added Component: Designator=C20(CS-1608)
Add component. Clean all parameters for all variants
Added Component: Designator=C21(CS-1608)
Add component. Clean all parameters for all variants
Added Component: Designator=C22(CS-1608)
Add component. Clean all parameters for all variants
Added Component: Designator=C23(CS-1608)
Add component. Clean all parameters for all variants
Added Component: Designator=C26(CS-2012)
Add component. Clean all parameters for all variants
Added Component: Designator=C27(CS-1608)
Add component. Clean all parameters for all variants
Added Component: Designator=C28(CS-1608)
Add component. Clean all parameters for all variants
Added Component: Designator=C29(CS-1608)
Add component. Clean all parameters for all variants
Added Component: Designator=C30(CS-1608)
Add component. Clean all parameters for all variants
Added Component: Designator=C38(CS-1608)
Add component. Clean all parameters for all variants
Added Component: Designator=FB6(LS-1608)
Add component. Clean all parameters for all variants
Added Component: Designator=FB7(LS-2012)
Add component. Clean all parameters for all variants
Added Component: Designator=FB8(LS-1608)
Add component. Clean all parameters for all variants
Added Component: Designator=FB9(LS-1608)
Add component. Clean all parameters for all variants
Added Component: Designator=FB10(LS-1608)
Add component. Clean all parameters for all variants
Added Component: Designator=FB11(LS-1608)
Add component. Clean all parameters for all variants
Added Component: Designator=FB12(LS-1608)
Add component. Clean all parameters for all variants
Added Component: Designator=FB13(LS-1608)
Add component. Clean all parameters for all variants
Added Component: Designator=FB14(LS-1608)
Add component. Clean all parameters for all variants
Added Component: Designator=FB15(LS-1608)
Add component. Clean all parameters for all variants
Added Component: Designator=FB16(LS-1608)
Add component. Clean all parameters for all variants
Added Component: Designator=J10(12505WS-4P)
Add component. Clean all parameters for all variants
Added Component: Designator=J12(12505WS-8P)
Add component. Clean all parameters for all variants
Added Component: Designator=R21(RS-1608)
Add component. Clean all parameters for all variants
Added Component: Designator=R27(RS-1608)
Add component. Clean all parameters for all variants
Added Component: Designator=R30(RS-1608)
Add component. Clean all parameters for all variants
Added Component: Designator=R34(RS-1608)
Add component. Clean all parameters for all variants
Added Component: Designator=R35(RS-1608)
Add component. Clean all parameters for all variants
Added Component: Designator=R36(RS-1608)
Add component. Clean all parameters for all variants
Added Component: Designator=R37(RS-1608)
Add component. Clean all parameters for all variants
Added Component: Designator=R38(RS-1608)
Add component. Clean all parameters for all variants
Added Component: Designator=R39(RS-1608)
Add component. Clean all parameters for all variants
Added Component: Designator=R40(RS-1608)
Add component. Clean all parameters for all variants
Added Component: Designator=R45(RS-1608)
Add component. Clean all parameters for all variants
Added Component: Designator=R46(RS-1608)
Add component. Clean all parameters for all variants
Added Component: Designator=R47(RS-1608)
Add component. Clean all parameters for all variants
Added Component: Designator=R48(RS-1608)
Add component. Clean all parameters for all variants
Added Component: Designator=R49(RS-1608)
Add component. Clean all parameters for all variants
Added Component: Designator=R50(RS-1608)
Add component. Clean all parameters for all variants
Added Component: Designator=R51(RS-1608)
Add component. Clean all parameters for all variants
Added Component: Designator=R52(RS-1608)
Add component. Clean all parameters for all variants
Added Component: Designator=R53(RS-1608)
Add component. Clean all parameters for all variants
Added Component: Designator=U2(SON8-2X2-0.5)
Add component. Clean all parameters for all variants
Added Component: Designator=U4(TSSOP-24-PAD)
Add component. Clean all parameters for all variants
Added Component: Designator=U6(TSSOP-24-PAD)
Add component. Clean all parameters for all variants
Added Component: Designator=U7(SOT-89)
Add component. Clean all parameters for all variants
Added Pin To Net: NetName=GND Pin=C19-2
Added Pin To Net: NetName=GND Pin=C21-1
Added Pin To Net: NetName=GND Pin=C22-1
Added Pin To Net: NetName=GND Pin=C23-2
Added Pin To Net: NetName=GND Pin=C26-2
Added Pin To Net: NetName=GND Pin=C27-2
Added Pin To Net: NetName=GND Pin=C28-2
Added Pin To Net: NetName=GND Pin=C38-2
Added Pin To Net: NetName=+3.3V Pin=FB7-1
Added Pin To Net: NetName=GND Pin=J10-4
Added Pin To Net: NetName=GND Pin=J10-5
Added Pin To Net: NetName=GND Pin=J10-6
Added Pin To Net: NetName=GND Pin=J12-9
Added Pin To Net: NetName=GND Pin=J12-10
Added Pin To Net: NetName=LENC_IRIS_PWM1 Pin=R21-1
Added Pin To Net: NetName=ZOOM_CTRL_NFAULT Pin=R27-1
Added Pin To Net: NetName=GND Pin=R30-1
Added Pin To Net: NetName=FOCUS_CTRL_NFAULT Pin=R35-1
Added Pin To Net: NetName=GND Pin=R37-2
Added Pin To Net: NetName=GND Pin=R38-1
Added Pin To Net: NetName=GND Pin=R39-1
Added Pin To Net: NetName=GND Pin=R40-2
Added Pin To Net: NetName=GND Pin=R45-2
Added Pin To Net: NetName=GND Pin=R46-1
Added Pin To Net: NetName=GND Pin=R48-1
Added Pin To Net: NetName=GND Pin=R51-2
Added Pin To Net: NetName=GND Pin=R52-1
Added Pin To Net: NetName=LENC_IRIS_PWM2 Pin=R53-1
Added Pin To Net: NetName=GND Pin=U2-4
Added Pin To Net: NetName=ZOOM_CTRL_NSLEEP Pin=U4-1
Added Pin To Net: NetName=ZOOM_CTRL_EN Pin=U4-10
Added Pin To Net: NetName=ZOOM_CTRL_CLK Pin=U4-11
Added Pin To Net: NetName=ZOOM_CTRL_DIR Pin=U4-12
Added Pin To Net: NetName=ZOOM_CTRL_NFAULT Pin=U4-16
Added Pin To Net: NetName=GND Pin=U4-21
Added Pin To Net: NetName=GND Pin=U4-25
Added Pin To Net: NetName=FOCUS_CTRL_NSLEEP Pin=U6-1
Added Pin To Net: NetName=FOCUS_CTRL_EN Pin=U6-10
Added Pin To Net: NetName=FOCUS_CTRL_CLK Pin=U6-11
Added Pin To Net: NetName=FOCUS_CTRL_DIR Pin=U6-12
Added Pin To Net: NetName=FOCUS_CTRL_NFAULT Pin=U6-16
Added Pin To Net: NetName=GND Pin=U6-21
Added Pin To Net: NetName=GND Pin=U6-25
Added Pin To Net: NetName=GND Pin=U7-2
Added Pin To Net: NetName=+12V Pin=U7-3
Added Pin To Net: NetName=GND Pin=U7-4
Added Pin To Net: NetName=+5.0V Pin=C19-1
Added Pin To Net: NetName=+5.0V Pin=U2-5
Added Pin To Net: NetName=+5.0V Pin=U7-1
Added Net: Name=+5.0V
Added Pin To Net: NetName=_DRV_C0 Pin=R34-2
Added Pin To Net: NetName=_DRV_C0 Pin=U4-15
Added Net: Name=_DRV_C0
Added Pin To Net: NetName=_DRV_C1 Pin=R36-2
Added Pin To Net: NetName=_DRV_C1 Pin=U4-13
Added Net: Name=_DRV_C1
Added Pin To Net: NetName=_DRV_C2 Pin=R49-2
Added Pin To Net: NetName=_DRV_C2 Pin=U6-15
Added Net: Name=_DRV_C2
Added Pin To Net: NetName=_DRV_C3 Pin=R50-2
Added Pin To Net: NetName=_DRV_C3 Pin=U6-13
Added Net: Name=_DRV_C3
Added Pin To Net: NetName=DAMPN Pin=FB6-2
Added Pin To Net: NetName=DAMPN Pin=J10-1
Added Net: Name=DAMPN
Added Pin To Net: NetName=DAMPP Pin=FB8-2
Added Pin To Net: NetName=DAMPP Pin=J10-2
Added Net: Name=DAMPP
Added Pin To Net: NetName=DRVP Pin=C20-2
Added Pin To Net: NetName=DRVP Pin=J10-3
Added Pin To Net: NetName=DRVP Pin=U2-8
Added Net: Name=DRVP
Added Pin To Net: NetName=FOCUS_AN Pin=FB14-2
Added Pin To Net: NetName=FOCUS_AN Pin=J12-4
Added Net: Name=FOCUS_AN
Added Pin To Net: NetName=FOCUS_AP Pin=FB13-2
Added Pin To Net: NetName=FOCUS_AP Pin=J12-3
Added Net: Name=FOCUS_AP
Added Pin To Net: NetName=FOCUS_BN Pin=FB16-2
Added Pin To Net: NetName=FOCUS_BN Pin=J12-6
Added Net: Name=FOCUS_BN
Added Pin To Net: NetName=FOCUS_BP Pin=FB15-2
Added Pin To Net: NetName=FOCUS_BP Pin=J12-5
Added Net: Name=FOCUS_BP
Added Pin To Net: NetName=MVDD Pin=C23-1
Added Pin To Net: NetName=MVDD Pin=C26-1
Added Pin To Net: NetName=MVDD Pin=C28-1
Added Pin To Net: NetName=MVDD Pin=C29-2
Added Pin To Net: NetName=MVDD Pin=C30-2
Added Pin To Net: NetName=MVDD Pin=FB7-2
Added Pin To Net: NetName=MVDD Pin=R27-2
Added Pin To Net: NetName=MVDD Pin=R34-1
Added Pin To Net: NetName=MVDD Pin=R35-2
Added Pin To Net: NetName=MVDD Pin=R36-1
Added Pin To Net: NetName=MVDD Pin=R49-1
Added Pin To Net: NetName=MVDD Pin=R50-1
Added Pin To Net: NetName=MVDD Pin=U4-18
Added Pin To Net: NetName=MVDD Pin=U4-19
Added Pin To Net: NetName=MVDD Pin=U6-18
Added Pin To Net: NetName=MVDD Pin=U6-19
Added Net: Name=MVDD
Added Pin To Net: NetName=N17383094 Pin=FB6-1
Added Pin To Net: NetName=N17383094 Pin=U2-6
Added Net: Name=N17383094
Added Pin To Net: NetName=N17383243 Pin=FB16-1
Added Pin To Net: NetName=N17383243 Pin=U6-7
Added Net: Name=N17383243
Added Pin To Net: NetName=N17383245 Pin=FB13-1
Added Pin To Net: NetName=N17383245 Pin=U6-4
Added Net: Name=N17383245
Added Pin To Net: NetName=N17383247 Pin=FB14-1
Added Pin To Net: NetName=N17383247 Pin=U6-6
Added Net: Name=N17383247
Added Pin To Net: NetName=N17383249 Pin=FB15-1
Added Pin To Net: NetName=N17383249 Pin=U6-9
Added Net: Name=N17383249
Added Pin To Net: NetName=N17383605 Pin=C21-2
Added Pin To Net: NetName=N17383605 Pin=R21-2
Added Pin To Net: NetName=N17383605 Pin=U2-3
Added Net: Name=N17383605
Added Pin To Net: NetName=N17383649 Pin=FB8-1
Added Pin To Net: NetName=N17383649 Pin=U2-7
Added Net: Name=N17383649
Added Pin To Net: NetName=N17383666 Pin=C20-1
Added Pin To Net: NetName=N17383666 Pin=U2-1
Added Net: Name=N17383666
Added Pin To Net: NetName=N17383698 Pin=R47-2
Added Pin To Net: NetName=N17383698 Pin=U2-2
Added Net: Name=N17383698
Added Pin To Net: NetName=N17383700 Pin=C22-2
Added Pin To Net: NetName=N17383700 Pin=R47-1
Added Pin To Net: NetName=N17383700 Pin=R53-2
Added Net: Name=N17383700
Added Pin To Net: NetName=N17383730 Pin=R37-1
Added Pin To Net: NetName=N17383730 Pin=U6-5
Added Net: Name=N17383730
Added Pin To Net: NetName=N17383732 Pin=R40-1
Added Pin To Net: NetName=N17383732 Pin=U6-8
Added Net: Name=N17383732
Added Pin To Net: NetName=N17383734 Pin=R46-2
Added Pin To Net: NetName=N17383734 Pin=U6-3
Added Net: Name=N17383734
Added Pin To Net: NetName=N17383736 Pin=R48-2
Added Pin To Net: NetName=N17383736 Pin=U6-2
Added Net: Name=N17383736
Added Pin To Net: NetName=N17383752 Pin=U6-22
Added Pin To Net: NetName=N17383752 Pin=U6-23
Added Pin To Net: NetName=N17383752 Pin=U6-24
Added Net: Name=N17383752
Added Pin To Net: NetName=N17383760 Pin=C38-1
Added Pin To Net: NetName=N17383760 Pin=U6-20
Added Net: Name=N17383760
Added Pin To Net: NetName=N17383762 Pin=R39-2
Added Pin To Net: NetName=N17383762 Pin=U6-14
Added Net: Name=N17383762
Added Pin To Net: NetName=N17383778 Pin=C29-1
Added Pin To Net: NetName=N17383778 Pin=U6-17
Added Net: Name=N17383778
Added Pin To Net: NetName=N17383796 Pin=FB10-1
Added Pin To Net: NetName=N17383796 Pin=U4-6
Added Net: Name=N17383796
Added Pin To Net: NetName=N17383798 Pin=FB9-1
Added Pin To Net: NetName=N17383798 Pin=U4-4
Added Net: Name=N17383798
Added Pin To Net: NetName=N17383800 Pin=FB12-1
Added Pin To Net: NetName=N17383800 Pin=U4-7
Added Net: Name=N17383800
Added Pin To Net: NetName=N17383802 Pin=FB11-1
Added Pin To Net: NetName=N17383802 Pin=U4-9
Added Net: Name=N17383802
Added Pin To Net: NetName=N17383808 Pin=R45-1
Added Pin To Net: NetName=N17383808 Pin=U4-5
Added Net: Name=N17383808
Added Pin To Net: NetName=N17383810 Pin=R51-1
Added Pin To Net: NetName=N17383810 Pin=U4-8
Added Net: Name=N17383810
Added Pin To Net: NetName=N17383812 Pin=R52-2
Added Pin To Net: NetName=N17383812 Pin=U4-3
Added Net: Name=N17383812
Added Pin To Net: NetName=N17383820 Pin=R38-2
Added Pin To Net: NetName=N17383820 Pin=U4-2
Added Net: Name=N17383820
Added Pin To Net: NetName=N17383828 Pin=U4-22
Added Pin To Net: NetName=N17383828 Pin=U4-23
Added Pin To Net: NetName=N17383828 Pin=U4-24
Added Net: Name=N17383828
Added Pin To Net: NetName=N17383836 Pin=C27-1
Added Pin To Net: NetName=N17383836 Pin=U4-20
Added Net: Name=N17383836
Added Pin To Net: NetName=N17383838 Pin=R30-2
Added Pin To Net: NetName=N17383838 Pin=U4-14
Added Net: Name=N17383838
Added Pin To Net: NetName=N17383858 Pin=C30-1
Added Pin To Net: NetName=N17383858 Pin=U4-17
Added Net: Name=N17383858
Added Pin To Net: NetName=ZOOM_AN Pin=FB10-2
Added Pin To Net: NetName=ZOOM_AN Pin=J12-2
Added Net: Name=ZOOM_AN
Added Pin To Net: NetName=ZOOM_AP Pin=FB9-2
Added Pin To Net: NetName=ZOOM_AP Pin=J12-1
Added Net: Name=ZOOM_AP
Added Pin To Net: NetName=ZOOM_BN Pin=FB12-2
Added Pin To Net: NetName=ZOOM_BN Pin=J12-8
Added Net: Name=ZOOM_BN
Added Pin To Net: NetName=ZOOM_BP Pin=FB11-2
Added Pin To Net: NetName=ZOOM_BP Pin=J12-7
Added Net: Name=ZOOM_BP
