Removed Pin From Net: NetName=+3.3V Pin=FB6-1
Removed Pin From Net: NetName=SD0_DATA2 Pin=J6-1
Removed Pin From Net: NetName=SD0_DATA3 Pin=J6-2
Removed Pin From Net: NetName=SD0_CMD Pin=J6-3
Removed Pin From Net: NetName=SD0_CLK Pin=J6-5
Removed Pin From Net: NetName=GND Pin=J6-6
Removed Pin From Net: NetName=SD0_DATA0 Pin=J6-7
Removed Pin From Net: NetName=SD0_DATA1 Pin=J6-8
Removed Pin From Net: NetName=GND Pin=J6-9
Removed Pin From Net: NetName=GND Pin=J6-10
Removed Pin From Net: NetName=GND Pin=J6-11
Removed Pin From Net: NetName=GND Pin=J6-12
Removed Pin From Net: NetName=SD0_INS Pin=J6-CD
Removed Pin From Net: NetName=TRX_N Pin=J7-1
Removed Pin From Net: NetName=TRX_P Pin=J7-2
Removed Pin From Net: NetName=GND Pin=J7-3
Removed Pin From Net: NetName=GND Pin=J7-4
Removed Pin From Net: NetName=+3.3V Pin=J8-1
Removed Pin From Net: NetName=UART0_RXD Pin=J8-2
Removed Pin From Net: NetName=UART0_TXD Pin=J8-3
Removed Pin From Net: NetName=GND Pin=J8-4
Removed Pin From Net: NetName=GND Pin=J8-5
Removed Pin From Net: NetName=GND Pin=J8-6
Removed Pin From Net: NetName=GND Pin=J9-5
Removed Pin From Net: NetName=GND Pin=J9-6
Removed Pin From Net: NetName=SD0_CLK Pin=RP6-1
Removed Pin From Net: NetName=SD0_DATA0 Pin=RP6-3
Removed Pin From Net: NetName=SD0_DATA1 Pin=RP6-5
Removed Pin From Net: NetName=SD0_INS Pin=RP6-7
Removed Pin From Net: NetName=SD0_DATA3 Pin=RP7-3
Removed Pin From Net: NetName=SD0_CMD Pin=RP7-5
Removed Pin From Net: NetName=GND Pin=U6-2
Removed Pin From Net: NetName=+12V Pin=U6-3
Removed Pin From Net: NetName=GND Pin=U6-4
Change Component Footprint: Designator=J7 Old Footprint=12505WS-2P New Footprint=CON_u-SD-RU
Change Component Footprint: Designator=J9 Old Footprint=12505WS-4P New Footprint=12505WS-6P
Change Component Footprint: Designator=J12 Old Footprint=12512WS-2P New Footprint=12505WS-8P
Change Component Footprint: Designator=C38 Old Footprint=CS-2012 New Footprint=CS-1608
Change Component Footprint: Designator=U6 Old Footprint=SOT-89 New Footprint=TSSOP-24-PAD
Change Component Comment : Designator=R8 Old Comment=0/NI New Comment=10K
Change Component Comment : Designator=R7 Old Comment=1K New Comment=10K
Change Component Comment : Designator=C38 Old Comment=22uF-2012-6.3V New Comment=2.2uF
Change Component Comment : Designator=FB6 Old Comment=60/NI New Comment=60
Change Component Comment : Designator=U6 Old Comment=78L05 New Comment=DRV8834PWP
Change Component Comment : Designator=J7 Old Comment=12505WS-2P New Comment=CON_u-SD/NI
Change Component Comment : Designator=J9 Old Comment=12505WS-4P//NI New Comment=12505WS-06
Change Component Comment : Designator=J12 Old Comment=12512WS-02//NI New Comment=12505WS-08
Added Component: Designator=C23(CS-1005)
Add component. Clean all parameters for all variants
Added Component: Designator=C27(CS-1608)
Add component. Clean all parameters for all variants
Added Component: Designator=C28(CS-1005)
Add component. Clean all parameters for all variants
Added Component: Designator=C29(CS-1005)
Add component. Clean all parameters for all variants
Added Component: Designator=C30(CS-1005)
Add component. Clean all parameters for all variants
Added Component: Designator=C39(CS-2012)
Add component. Clean all parameters for all variants
Added Component: Designator=MH5(VA-2.2-W)
Add component. Clean all parameters for all variants
Added Component: Designator=MH6(VA-2.2-W)
Add component. Clean all parameters for all variants
Added Component: Designator=MH7(VA-2.2-W)
Add component. Clean all parameters for all variants
Added Component: Designator=MH8(VA-2.2-W)
Add component. Clean all parameters for all variants
Added Component: Designator=MH9(VA-2.2)
Add component. Clean all parameters for all variants
Added Component: Designator=MH10(VA-2.2)
Add component. Clean all parameters for all variants
Added Component: Designator=MH11(VA-2.2)
Add component. Clean all parameters for all variants
Added Component: Designator=MH12(VA-2.2)
Add component. Clean all parameters for all variants
Added Component: Designator=R27(RS-1005)
Add component. Clean all parameters for all variants
Added Component: Designator=R30(RS-1005)
Add component. Clean all parameters for all variants
Added Component: Designator=R34(RS-1005)
Add component. Clean all parameters for all variants
Added Component: Designator=R35(RS-1005)
Add component. Clean all parameters for all variants
Added Component: Designator=R36(RS-1005)
Add component. Clean all parameters for all variants
Added Component: Designator=R37(RS-1005)
Add component. Clean all parameters for all variants
Added Component: Designator=R38(RS-1005)
Add component. Clean all parameters for all variants
Added Component: Designator=R39(RS-1005)
Add component. Clean all parameters for all variants
Added Component: Designator=R40(RS-1005)
Add component. Clean all parameters for all variants
Added Component: Designator=R45(RS-1005)
Add component. Clean all parameters for all variants
Added Component: Designator=R46(RS-1005)
Add component. Clean all parameters for all variants
Added Component: Designator=R48(RS-1005)
Add component. Clean all parameters for all variants
Added Component: Designator=R49(RS-1005)
Add component. Clean all parameters for all variants
Added Component: Designator=R50(RS-1005)
Add component. Clean all parameters for all variants
Added Component: Designator=R51(RS-1005)
Add component. Clean all parameters for all variants
Added Component: Designator=R52(RS-1005)
Add component. Clean all parameters for all variants
Added Component: Designator=TP1(TP)
Add component. Clean all parameters for all variants
Added Component: Designator=TP2(TP)
Add component. Clean all parameters for all variants
Added Component: Designator=U4(TSSOP-24-PAD)
Add component. Clean all parameters for all variants
Added Pin To Net: NetName=+3.3V Pin=BC2-2
Added Pin To Net: NetName=GND Pin=C23-2
Added Pin To Net: NetName=GND Pin=C27-2
Added Pin To Net: NetName=GND Pin=C28-2
Added Pin To Net: NetName=GND Pin=C39-2
Added Pin To Net: NetName=+3.3V Pin=FB6-2
Added Pin To Net: NetName=GND Pin=J4-M3
Added Pin To Net: NetName=GND Pin=J4-M4
Added Pin To Net: NetName=SD0_DATA2 Pin=J7-1
Added Pin To Net: NetName=SD0_DATA3 Pin=J7-2
Added Pin To Net: NetName=SD0_CMD Pin=J7-3
Added Pin To Net: NetName=SD0_CLK Pin=J7-5
Added Pin To Net: NetName=GND Pin=J7-6
Added Pin To Net: NetName=SD0_DATA0 Pin=J7-7
Added Pin To Net: NetName=SD0_DATA1 Pin=J7-8
Added Pin To Net: NetName=GND Pin=J7-9
Added Pin To Net: NetName=GND Pin=J7-10
Added Pin To Net: NetName=SD0_INS Pin=J7-CD
Added Pin To Net: NetName=TRX_N Pin=J9-5
Added Pin To Net: NetName=TRX_P Pin=J9-6
Added Pin To Net: NetName=GND Pin=J9-M1
Added Pin To Net: NetName=GND Pin=J9-M2
Added Pin To Net: NetName=+3.3V Pin=J11-1
Added Pin To Net: NetName=GND Pin=J12-9
Added Pin To Net: NetName=GND Pin=J12-10
Added Pin To Net: NetName=GND Pin=MH5-1
Added Pin To Net: NetName=GND Pin=MH6-1
Added Pin To Net: NetName=GND Pin=MH7-1
Added Pin To Net: NetName=GND Pin=MH8-1
Added Pin To Net: NetName=GND Pin=MH9-1
Added Pin To Net: NetName=GND Pin=MH10-1
Added Pin To Net: NetName=GND Pin=MH11-1
Added Pin To Net: NetName=GND Pin=MH12-1
Added Pin To Net: NetName=+12V Pin=R7-2
Added Pin To Net: NetName=ZOOM_CTRL_NFAULT Pin=R27-1
Added Pin To Net: NetName=GND Pin=R30-1
Added Pin To Net: NetName=FOCUS_CTRL_NFAULT Pin=R35-1
Added Pin To Net: NetName=GND Pin=R37-2
Added Pin To Net: NetName=GND Pin=R38-1
Added Pin To Net: NetName=GND Pin=R39-1
Added Pin To Net: NetName=GND Pin=R40-2
Added Pin To Net: NetName=GND Pin=R45-2
Added Pin To Net: NetName=GND Pin=R46-1
Added Pin To Net: NetName=GND Pin=R48-1
Added Pin To Net: NetName=GND Pin=R51-2
Added Pin To Net: NetName=GND Pin=R52-1
Added Pin To Net: NetName=SD0_INS Pin=RP6-1
Added Pin To Net: NetName=SD0_DATA1 Pin=RP6-3
Added Pin To Net: NetName=SD0_DATA0 Pin=RP6-5
Added Pin To Net: NetName=SD0_CLK Pin=RP6-7
Added Pin To Net: NetName=SD0_CMD Pin=RP7-3
Added Pin To Net: NetName=SD0_DATA3 Pin=RP7-5
Added Pin To Net: NetName=UART0_RXD Pin=TP1-1
Added Pin To Net: NetName=UART0_TXD Pin=TP2-1
Added Pin To Net: NetName=ZOOM_CTRL_NSLEEP Pin=U4-1
Added Pin To Net: NetName=ZOOM_CTRL_EN Pin=U4-10
Added Pin To Net: NetName=ZOOM_CTRL_CLK Pin=U4-11
Added Pin To Net: NetName=ZOOM_CTRL_DIR Pin=U4-12
Added Pin To Net: NetName=ZOOM_CTRL_NFAULT Pin=U4-16
Added Pin To Net: NetName=GND Pin=U4-21
Added Pin To Net: NetName=GND Pin=U4-25
Added Pin To Net: NetName=FOCUS_CTRL_NSLEEP Pin=U6-1
Added Pin To Net: NetName=FOCUS_CTRL_EN Pin=U6-10
Added Pin To Net: NetName=FOCUS_CTRL_CLK Pin=U6-11
Added Pin To Net: NetName=FOCUS_CTRL_DIR Pin=U6-12
Added Pin To Net: NetName=FOCUS_CTRL_NFAULT Pin=U6-16
Added Pin To Net: NetName=GND Pin=U6-21
Added Pin To Net: NetName=GND Pin=U6-25
Change Net Name : Old Net Name=N17346698 New Net Name=N17371906
Added Pin To Net: NetName=FOCUS_AN Pin=J12-4
Added Pin To Net: NetName=FOCUS_AN Pin=U6-6
Added Net: Name=FOCUS_AN
Added Pin To Net: NetName=FOCUS_AP Pin=J12-3
Added Pin To Net: NetName=FOCUS_AP Pin=U6-4
Added Net: Name=FOCUS_AP
Added Pin To Net: NetName=FOCUS_BN Pin=J12-6
Added Pin To Net: NetName=FOCUS_BN Pin=U6-7
Added Net: Name=FOCUS_BN
Added Pin To Net: NetName=FOCUS_BP Pin=J12-5
Added Pin To Net: NetName=FOCUS_BP Pin=U6-9
Added Net: Name=FOCUS_BP
Added Pin To Net: NetName=MVDD Pin=C23-1
Added Pin To Net: NetName=MVDD Pin=C28-1
Added Pin To Net: NetName=MVDD Pin=C29-2
Added Pin To Net: NetName=MVDD Pin=C30-2
Added Pin To Net: NetName=MVDD Pin=C39-1
Added Pin To Net: NetName=MVDD Pin=FB6-1
Added Pin To Net: NetName=MVDD Pin=R27-2
Added Pin To Net: NetName=MVDD Pin=R34-1
Added Pin To Net: NetName=MVDD Pin=R35-2
Added Pin To Net: NetName=MVDD Pin=R36-1
Added Pin To Net: NetName=MVDD Pin=R49-1
Added Pin To Net: NetName=MVDD Pin=R50-1
Added Pin To Net: NetName=MVDD Pin=U4-18
Added Pin To Net: NetName=MVDD Pin=U4-19
Added Pin To Net: NetName=MVDD Pin=U6-18
Added Pin To Net: NetName=MVDD Pin=U6-19
Added Net: Name=MVDD
Added Pin To Net: NetName=N17379738 Pin=BC38-2
Added Pin To Net: NetName=N17379738 Pin=FB5-2
Added Pin To Net: NetName=N17379738 Pin=J7-4
Added Net: Name=N17379738
Added Pin To Net: NetName=N17383042 Pin=R34-2
Added Pin To Net: NetName=N17383042 Pin=U4-15
Added Net: Name=N17383042
Added Pin To Net: NetName=N17383730 Pin=R37-1
Added Pin To Net: NetName=N17383730 Pin=U6-5
Added Net: Name=N17383730
Added Pin To Net: NetName=N17383732 Pin=R40-1
Added Pin To Net: NetName=N17383732 Pin=U6-8
Added Net: Name=N17383732
Added Pin To Net: NetName=N17383734 Pin=R46-2
Added Pin To Net: NetName=N17383734 Pin=U6-3
Added Net: Name=N17383734
Added Pin To Net: NetName=N17383736 Pin=R48-2
Added Pin To Net: NetName=N17383736 Pin=U6-2
Added Net: Name=N17383736
Added Pin To Net: NetName=N17383752 Pin=U6-22
Added Pin To Net: NetName=N17383752 Pin=U6-23
Added Pin To Net: NetName=N17383752 Pin=U6-24
Added Net: Name=N17383752
Added Pin To Net: NetName=N17383760 Pin=C38-1
Added Pin To Net: NetName=N17383760 Pin=U6-20
Added Net: Name=N17383760
Added Pin To Net: NetName=N17383762 Pin=R39-2
Added Pin To Net: NetName=N17383762 Pin=U6-14
Added Net: Name=N17383762
Added Pin To Net: NetName=N17383772 Pin=R49-2
Added Pin To Net: NetName=N17383772 Pin=U6-15
Added Net: Name=N17383772
Added Pin To Net: NetName=N17383775 Pin=R50-2
Added Pin To Net: NetName=N17383775 Pin=U6-13
Added Net: Name=N17383775
Added Pin To Net: NetName=N17383778 Pin=C29-1
Added Pin To Net: NetName=N17383778 Pin=U6-17
Added Net: Name=N17383778
Added Pin To Net: NetName=N17383808 Pin=R45-1
Added Pin To Net: NetName=N17383808 Pin=U4-5
Added Net: Name=N17383808
Added Pin To Net: NetName=N17383810 Pin=R51-1
Added Pin To Net: NetName=N17383810 Pin=U4-8
Added Net: Name=N17383810
Added Pin To Net: NetName=N17383812 Pin=R52-2
Added Pin To Net: NetName=N17383812 Pin=U4-3
Added Net: Name=N17383812
Added Pin To Net: NetName=N17383820 Pin=R38-2
Added Pin To Net: NetName=N17383820 Pin=U4-2
Added Net: Name=N17383820
Added Pin To Net: NetName=N17383828 Pin=U4-22
Added Pin To Net: NetName=N17383828 Pin=U4-23
Added Pin To Net: NetName=N17383828 Pin=U4-24
Added Net: Name=N17383828
Added Pin To Net: NetName=N17383836 Pin=C27-1
Added Pin To Net: NetName=N17383836 Pin=U4-20
Added Net: Name=N17383836
Added Pin To Net: NetName=N17383838 Pin=R30-2
Added Pin To Net: NetName=N17383838 Pin=U4-14
Added Net: Name=N17383838
Added Pin To Net: NetName=N17383848 Pin=R36-2
Added Pin To Net: NetName=N17383848 Pin=U4-13
Added Net: Name=N17383848
Added Pin To Net: NetName=N17383858 Pin=C30-1
Added Pin To Net: NetName=N17383858 Pin=U4-17
Added Net: Name=N17383858
Added Pin To Net: NetName=POE_LINE_1_2+ Pin=R32-2
Added Pin To Net: NetName=POE_LINE_1_2+ Pin=T1-15
Added Net: Name=POE_LINE_1_2+
Added Pin To Net: NetName=POE_LINE_3_6- Pin=R33-2
Added Pin To Net: NetName=POE_LINE_3_6- Pin=T1-10
Added Net: Name=POE_LINE_3_6-
Added Pin To Net: NetName=ZOOM_AN Pin=J12-2
Added Pin To Net: NetName=ZOOM_AN Pin=U4-6
Added Net: Name=ZOOM_AN
Added Pin To Net: NetName=ZOOM_AP Pin=J12-1
Added Pin To Net: NetName=ZOOM_AP Pin=U4-4
Added Net: Name=ZOOM_AP
Added Pin To Net: NetName=ZOOM_BN Pin=J12-7
Added Pin To Net: NetName=ZOOM_BN Pin=U4-7
Added Net: Name=ZOOM_BN
Added Pin To Net: NetName=ZOOM_BP Pin=J12-8
Added Pin To Net: NetName=ZOOM_BP Pin=U4-9
Added Net: Name=ZOOM_BP
