Removed Pin From Net: NetName=GND Pin=BC38-1
Removed Pin From Net: NetName=FD_SW Pin=C2-1
Removed Pin From Net: NetName=GND Pin=C2-2
Removed Pin From Net: NetName=+3.3V Pin=FB5-1
Removed Pin From Net: NetName=GND Pin=J7-6
Removed Pin From Net: NetName=GND Pin=J7-9
Removed Pin From Net: NetName=GND Pin=J7-10
Removed Pin From Net: NetName=SD0_INS Pin=J7-CD
Removed Pin From Net: NetName=SD0_INS Pin=RP6-1
Removed Pin From Net: NetName=+3.3V Pin=RP6-2
Removed Pin From Net: NetName=+3.3V Pin=RP6-4
Removed Pin From Net: NetName=+3.3V Pin=RP6-6
Removed Pin From Net: NetName=+3.3V Pin=RP6-8
Removed Pin From Net: NetName=+3.3V Pin=RP7-2
Removed Pin From Net: NetName=+3.3V Pin=RP7-4
Removed Pin From Net: NetName=+3.3V Pin=RP7-6
Removed Pin From Net: NetName=+3.3V Pin=RP7-8
Removed Pin From Net: NetName=GND Pin=SW1-1
Removed Pin From Net: NetName=FD_SW Pin=SW1-2
Added Component: Designator=J6(05005HS-10P)
Add component. Clean all parameters for all variants
Added Pin To Net: NetName=+3.3V Pin=J6-4
Added Pin To Net: NetName=GND Pin=J6-6
Added Pin To Net: NetName=SD0_INS Pin=J6-9
Added Pin To Net: NetName=FD_SW Pin=J6-10
Added Pin To Net: NetName=GND Pin=J6-M1
Added Pin To Net: NetName=GND Pin=J6-M2
Added Pin To Net: NetName=GND Pin=J6-M3
Added Pin To Net: NetName=GND Pin=J6-M4
Added Pin To Net: NetName=SD0_CLK_17293153 Pin=J2-14
Added Pin To Net: NetName=SD0_CLK_17293153 Pin=J6-5
Added Net: Name=SD0_CLK_17293153
Added Pin To Net: NetName=SD0_CMD_17293153 Pin=J2-13
Added Pin To Net: NetName=SD0_CMD_17293153 Pin=J6-3
Added Net: Name=SD0_CMD_17293153
Added Pin To Net: NetName=SD0_DATA0_17293153 Pin=J2-17
Added Pin To Net: NetName=SD0_DATA0_17293153 Pin=J6-7
Added Net: Name=SD0_DATA0_17293153
Added Pin To Net: NetName=SD0_DATA1_17293153 Pin=J2-18
Added Pin To Net: NetName=SD0_DATA1_17293153 Pin=J6-8
Added Net: Name=SD0_DATA1_17293153
Added Pin To Net: NetName=SD0_DATA2_17293153 Pin=J2-16
Added Pin To Net: NetName=SD0_DATA2_17293153 Pin=J6-1
Added Net: Name=SD0_DATA2_17293153
Added Pin To Net: NetName=SD0_DATA3_17293153 Pin=J2-15
Added Pin To Net: NetName=SD0_DATA3_17293153 Pin=J6-2
Added Net: Name=SD0_DATA3_17293153
