Added Component: Designator=BC1(CS-2012)
Add component. Clean all parameters for all variants
Added Component: Designator=C1(CS-1005)
Add component. Clean all parameters for all variants
Added Component: Designator=FB1(LS-1608)
Add component. Clean all parameters for all variants
Added Component: Designator=J1(05005HS-10P)
Add component. Clean all parameters for all variants
Added Component: Designator=J2(CON_u-SD)
Add component. Clean all parameters for all variants
Added Component: Designator=MH1(VA-2.2)
Add component. Clean all parameters for all variants
Added Component: Designator=MH2(VA-2.2)
Add component. Clean all parameters for all variants
Added Component: Designator=RP1(RP-4_1005)
Add component. Clean all parameters for all variants
Added Component: Designator=RP2(RP-4_1005)
Add component. Clean all parameters for all variants
Added Component: Designator=SW1(SWS-CTT-1131U)
Add component. Clean all parameters for all variants
Added Pin To Net: NetName=+3.3V Pin=FB1-1
Added Pin To Net: NetName=+3.3V Pin=J1-4
Added Pin To Net: NetName=+3.3V Pin=RP1-2
Added Pin To Net: NetName=+3.3V Pin=RP1-4
Added Pin To Net: NetName=+3.3V Pin=RP1-6
Added Pin To Net: NetName=+3.3V Pin=RP1-8
Added Pin To Net: NetName=+3.3V Pin=RP2-2
Added Pin To Net: NetName=+3.3V Pin=RP2-4
Added Pin To Net: NetName=+3.3V Pin=RP2-6
Added Pin To Net: NetName=+3.3V Pin=RP2-8
Added Net: Name=+3.3V
Added Pin To Net: NetName=FD_SW Pin=C1-1
Added Pin To Net: NetName=FD_SW Pin=J1-10
Added Pin To Net: NetName=FD_SW Pin=SW1-2
Added Net: Name=FD_SW
Added Pin To Net: NetName=GND Pin=BC1-1
Added Pin To Net: NetName=GND Pin=C1-2
Added Pin To Net: NetName=GND Pin=J1-6
Added Pin To Net: NetName=GND Pin=J1-M1
Added Pin To Net: NetName=GND Pin=J1-M2
Added Pin To Net: NetName=GND Pin=J1-M3
Added Pin To Net: NetName=GND Pin=J1-M4
Added Pin To Net: NetName=GND Pin=J2-6
Added Pin To Net: NetName=GND Pin=J2-9
Added Pin To Net: NetName=GND Pin=J2-10
Added Pin To Net: NetName=GND Pin=J2-11
Added Pin To Net: NetName=GND Pin=J2-12
Added Pin To Net: NetName=GND Pin=MH1-1
Added Pin To Net: NetName=GND Pin=MH2-1
Added Pin To Net: NetName=GND Pin=SW1-1
Added Net: Name=GND
Added Pin To Net: NetName=N17360855 Pin=BC1-2
Added Pin To Net: NetName=N17360855 Pin=FB1-2
Added Pin To Net: NetName=N17360855 Pin=J2-4
Added Net: Name=N17360855
Added Pin To Net: NetName=SD0_CLK Pin=J1-5
Added Pin To Net: NetName=SD0_CLK Pin=J2-5
Added Pin To Net: NetName=SD0_CLK Pin=RP2-1
Added Net: Name=SD0_CLK
Added Pin To Net: NetName=SD0_CMD Pin=J1-3
Added Pin To Net: NetName=SD0_CMD Pin=J2-3
Added Pin To Net: NetName=SD0_CMD Pin=RP1-5
Added Net: Name=SD0_CMD
Added Pin To Net: NetName=SD0_DATA0 Pin=J1-7
Added Pin To Net: NetName=SD0_DATA0 Pin=J2-7
Added Pin To Net: NetName=SD0_DATA0 Pin=RP2-3
Added Net: Name=SD0_DATA0
Added Pin To Net: NetName=SD0_DATA1 Pin=J1-8
Added Pin To Net: NetName=SD0_DATA1 Pin=J2-8
Added Pin To Net: NetName=SD0_DATA1 Pin=RP2-5
Added Net: Name=SD0_DATA1
Added Pin To Net: NetName=SD0_DATA2 Pin=J1-1
Added Pin To Net: NetName=SD0_DATA2 Pin=J2-1
Added Pin To Net: NetName=SD0_DATA2 Pin=RP1-7
Added Net: Name=SD0_DATA2
Added Pin To Net: NetName=SD0_DATA3 Pin=J1-2
Added Pin To Net: NetName=SD0_DATA3 Pin=J2-2
Added Pin To Net: NetName=SD0_DATA3 Pin=RP1-3
Added Net: Name=SD0_DATA3
Added Pin To Net: NetName=SD0_INS Pin=J1-9
Added Pin To Net: NetName=SD0_INS Pin=J2-CD
Added Pin To Net: NetName=SD0_INS Pin=RP2-7
Added Net: Name=SD0_INS
