Added Component: Designator=J2(AXK6F50547)
Add component. Clean all parameters for all variants
Added Pin To Net: NetName=+3.3V Pin=J2-1
Added Pin To Net: NetName=GND Pin=J2-2
Added Pin To Net: NetName=TDN_OUT1 Pin=J2-3
Added Pin To Net: NetName=DI_D0 Pin=J2-4
Added Pin To Net: NetName=TDN_OUT2 Pin=J2-6
Added Pin To Net: NetName=DO_D0 Pin=J2-8
Added Pin To Net: NetName=RTS_485 Pin=J2-9
Added Pin To Net: NetName=LED_GN Pin=J2-10
Added Pin To Net: NetName=DI_TYPE Pin=J2-11
Added Pin To Net: NetName=GND Pin=J2-12
Added Pin To Net: NetName=SD0_CMD Pin=J2-13
Added Pin To Net: NetName=SD0_CLK Pin=J2-14
Added Pin To Net: NetName=SD0_DATA3 Pin=J2-15
Added Pin To Net: NetName=SD0_DATA2 Pin=J2-16
Added Pin To Net: NetName=SD0_DATA0 Pin=J2-17
Added Pin To Net: NetName=SD0_DATA1 Pin=J2-18
Added Pin To Net: NetName=ZOOM_CTRL_NFAULT Pin=J2-19
Added Pin To Net: NetName=FOCUS_CTRL_NFAULT Pin=J2-21
Added Pin To Net: NetName=ZOOM_CTRL_NSLEEP Pin=J2-22
Added Pin To Net: NetName=FOCUS_CTRL_CLK Pin=J2-23
Added Pin To Net: NetName=FOCUS_CTRL_NSLEEP Pin=J2-24
Added Pin To Net: NetName=ZOOM_CTRL_EN Pin=J2-25
Added Pin To Net: NetName=FOCUS_CTRL_DIR Pin=J2-26
Added Pin To Net: NetName=LENC_IRIS_PWM2 Pin=J2-27
Added Pin To Net: NetName=ZOOM_CTRL_CLK Pin=J2-28
Added Pin To Net: NetName=FOCUS_CTRL_EN Pin=J2-29
Added Pin To Net: NetName=LENC_IRIS_PWM1 Pin=J2-30
Added Pin To Net: NetName=+3.3V Pin=J2-31
Added Pin To Net: NetName=ZOOM_CTRL_DIR Pin=J2-32
Added Pin To Net: NetName=VD_D1 Pin=J2-33
Added Pin To Net: NetName=GND Pin=J2-34
Added Pin To Net: NetName=VD_D0 Pin=J2-35
Added Pin To Net: NetName=VD_D3 Pin=J2-36
Added Pin To Net: NetName=VD_D5 Pin=J2-37
Added Pin To Net: NetName=VD_D4 Pin=J2-38
Added Pin To Net: NetName=VD_D7 Pin=J2-39
Added Pin To Net: NetName=VD_D2 Pin=J2-40
Added Pin To Net: NetName=VD_D6 Pin=J2-41
Added Pin To Net: NetName=VD_D10 Pin=J2-42
Added Pin To Net: NetName=VD_D11 Pin=J2-43
Added Pin To Net: NetName=VD_D8 Pin=J2-44
Added Pin To Net: NetName=VD_HS Pin=J2-45
Added Pin To Net: NetName=VD_D9 Pin=J2-46
Added Pin To Net: NetName=VD_VS Pin=J2-47
Added Pin To Net: NetName=GND Pin=J2-48
Added Pin To Net: NetName=GND Pin=J2-49
Added Pin To Net: NetName=VD_PCLK Pin=J2-50
