Removed Pin From Net: NetName=ZOOM_AP Pin=J12-1
Removed Pin From Net: NetName=ZOOM_AN Pin=J12-2
Removed Pin From Net: NetName=FOCUS_AP Pin=J12-3
Removed Pin From Net: NetName=FOCUS_AN Pin=J12-4
Removed Pin From Net: NetName=FOCUS_BP Pin=J12-5
Removed Pin From Net: NetName=FOCUS_BN Pin=J12-6
Removed Pin From Net: NetName=ZOOM_BN Pin=J12-7
Removed Pin From Net: NetName=ZOOM_BP Pin=J12-8
Removed Pin From Net: NetName=GND Pin=MH5-1
Removed Pin From Net: NetName=GND Pin=MH6-1
Removed Pin From Net: NetName=GND Pin=MH7-1
Removed Pin From Net: NetName=GND Pin=MH8-1
Removed Pin From Net: NetName=GND Pin=MH9-1
Removed Pin From Net: NetName=GND Pin=MH10-1
Removed Pin From Net: NetName=GND Pin=MH11-1
Removed Pin From Net: NetName=GND Pin=MH12-1
Added Pin To Net: NetName=ZOOM_BP Pin=J12-1
Added Pin To Net: NetName=ZOOM_BN Pin=J12-2
Added Pin To Net: NetName=FOCUS_BN Pin=J12-3
Added Pin To Net: NetName=FOCUS_BP Pin=J12-4
Added Pin To Net: NetName=FOCUS_AN Pin=J12-5
Added Pin To Net: NetName=FOCUS_AP Pin=J12-6
Added Pin To Net: NetName=ZOOM_AN Pin=J12-7
Added Pin To Net: NetName=ZOOM_AP Pin=J12-8
