Removed Pin From Net: NetName=N17371906 Pin=D1-2
Removed Pin From Net: NetName=+12V Pin=D1-3
Removed Pin From Net: NetName=GND Pin=J6-2
Removed Pin From Net: NetName=GND Pin=J6-3
Removed Pin From Net: NetName=GND Pin=J6-6
Removed Pin From Net: NetName=GND Pin=J6-7
Removed Pin From Net: NetName=POE_LINE_1_2+ Pin=J13-1
Removed Pin From Net: NetName=POE_LINE_3_6- Pin=J13-2
Removed Pin From Net: NetName=GND Pin=J13-7
Removed Pin From Net: NetName=SD0_CLK Pin=RP6-1
Removed Pin From Net: NetName=SD0_DATA0 Pin=RP6-3
Removed Pin From Net: NetName=SD0_DATA1 Pin=RP6-5
Removed Pin From Net: NetName=SD0_INS Pin=RP6-7
Removed Pin From Net: NetName=SD0_DATA3 Pin=RP7-3
Removed Pin From Net: NetName=SD0_CMD Pin=RP7-5
Removed Pin From Net: NetName=UART0_RXD Pin=TP3-1
Removed Pin From Net: NetName=UART0_TXD Pin=TP4-1
Change Component Footprint: Designator=D1 Old Footprint=MB2S New Footprint=SOD-106
Change Component Comment : Designator=D1 Old Comment=MB2S New Comment=RB051L-40
Added Component: Designator=C2(CS-1005)
Add component. Clean all parameters for all variants
Added Component: Designator=SW1(SWS-CTT-1131U)
Add component. Clean all parameters for all variants
Added Pin To Net: NetName=FD_SW Pin=C2-1
Added Pin To Net: NetName=GND Pin=C2-2
Added Pin To Net: NetName=N17371906 Pin=D1-1
Added Pin To Net: NetName=+12V Pin=D1-2
Added Pin To Net: NetName=SD0_INS Pin=RP6-1
Added Pin To Net: NetName=SD0_DATA1 Pin=RP6-3
Added Pin To Net: NetName=SD0_DATA0 Pin=RP6-5
Added Pin To Net: NetName=SD0_CLK Pin=RP6-7
Added Pin To Net: NetName=SD0_CMD Pin=RP7-3
Added Pin To Net: NetName=SD0_DATA3 Pin=RP7-5
Added Pin To Net: NetName=GND Pin=SW1-1
Added Pin To Net: NetName=FD_SW Pin=SW1-2
