Removed Pin From Net: NetName=GND Pin=C6-1
Removed Pin From Net: NetName=N17334107 Pin=C6-2
Removed Pin From Net: NetName=GND Pin=C7-1
Removed Pin From Net: NetName=N17334111 Pin=C7-2
Removed Pin From Net: NetName=N17383778 Pin=C29-1
Removed Pin From Net: NetName=MVDD Pin=C29-2
Removed Pin From Net: NetName=N17383858 Pin=C30-1
Removed Pin From Net: NetName=MVDD Pin=C30-2
Removed Pin From Net: NetName=N173250840 Pin=C31-1
Removed Pin From Net: NetName=N17016832 Pin=C31-2
Removed Pin From Net: NetName=+3.3V Pin=C32-1
Removed Pin From Net: NetName=GND Pin=C32-2
Removed Pin From Net: NetName=+3.3V Pin=C33-1
Removed Pin From Net: NetName=GND Pin=C33-2
Removed Pin From Net: NetName=+12V Pin=C34-1
Removed Pin From Net: NetName=GND Pin=C34-2
Removed Pin From Net: NetName=+12V Pin=C35-1
Removed Pin From Net: NetName=GND Pin=C35-2
Removed Pin From Net: NetName=N17016775 Pin=C36-1
Removed Pin From Net: NetName=GND Pin=C36-2
Removed Pin From Net: NetName=N17016804 Pin=C37-1
Removed Pin From Net: NetName=N17016806 Pin=C37-2
Removed Pin From Net: NetName=N17383760 Pin=C38-1
Removed Pin From Net: NetName=GND Pin=C38-2
Removed Pin From Net: NetName=MVDD Pin=C39-1
Removed Pin From Net: NetName=GND Pin=C39-2
Removed Pin From Net: NetName=MVDD Pin=FB6-1
Removed Pin From Net: NetName=+3.3V Pin=FB6-2
Change Component Footprint: Designator=C6 Old Footprint=CS-1005 New Footprint=CS-1608
Change Component Footprint: Designator=C7 Old Footprint=CS-1005 New Footprint=CS-1608
Change Component Comment : Designator=C6 Old Comment=2.2nF New Comment=10nF
Change Component Comment : Designator=C7 Old Comment=2.2nF New Comment=10nF
Change Component Comment : Designator=J11 Old Comment=12505WS-4P//NI New Comment=12505WS-04//NI
Added Component: Designator=BC3(CS-1005)
Add component. Clean all parameters for all variants
Added Component: Designator=BC5(CS-1005)
Add component. Clean all parameters for all variants
Added Component: Designator=BC6(CS-1608)
Add component. Clean all parameters for all variants
Added Component: Designator=BC7(CS-1005)
Add component. Clean all parameters for all variants
Added Component: Designator=BC9(CS-1608)
Add component. Clean all parameters for all variants
Added Component: Designator=BC10(CTS-3216)
Add component. Clean all parameters for all variants
Added Component: Designator=C2(CS-1608)
Add component. Clean all parameters for all variants
Added Component: Designator=C3(CS-1608)
Add component. Clean all parameters for all variants
Added Component: Designator=C4(CS-1005)
Add component. Clean all parameters for all variants
Added Component: Designator=C5(CS-1005)
Add component. Clean all parameters for all variants
Added Component: Designator=C8(CTS-3216)
Add component. Clean all parameters for all variants
Added Component: Designator=C9(CS-1608)
Add component. Clean all parameters for all variants
Added Component: Designator=C10(CTS-3216)
Add component. Clean all parameters for all variants
Added Component: Designator=C11(C3216)
Add component. Clean all parameters for all variants
Added Component: Designator=C12(CS-1005)
Add component. Clean all parameters for all variants
Added Component: Designator=C13(CS-1005)
Add component. Clean all parameters for all variants
Added Component: Designator=C14(CS-1005)
Add component. Clean all parameters for all variants
Added Component: Designator=C15(CS-1005)
Add component. Clean all parameters for all variants
Added Component: Designator=C16(CS-2012)
Add component. Clean all parameters for all variants
Added Component: Designator=C17(CS-2012)
Add component. Clean all parameters for all variants
Added Component: Designator=C20(CS-1005)
Add component. Clean all parameters for all variants
Added Component: Designator=C21(CS-1005)
Add component. Clean all parameters for all variants
Added Component: Designator=C22(CS-1608)
Add component. Clean all parameters for all variants
Added Component: Designator=C26(CS-2012)
Add component. Clean all parameters for all variants
Added Component: Designator=FB2(LS-1608)
Add component. Clean all parameters for all variants
Added Component: Designator=FB3(LS-1608)
Add component. Clean all parameters for all variants
Added Component: Designator=FB4(LS-1608)
Add component. Clean all parameters for all variants
Added Component: Designator=J13(12505WS-3P)
Add component. Clean all parameters for all variants
Added Component: Designator=R47(RS-1608)
Add component. Clean all parameters for all variants
Added Component: Designator=R53(RS-1608)
Add component. Clean all parameters for all variants
Added Component: Designator=R54(RS-1608)
Add component. Clean all parameters for all variants
Added Component: Designator=R55(RS-1608)
Add component. Clean all parameters for all variants
Added Component: Designator=R56(RS-1608)
Add component. Clean all parameters for all variants
Added Component: Designator=R57(RS-1608)
Add component. Clean all parameters for all variants
Added Component: Designator=R58(RS-1608)
Add component. Clean all parameters for all variants
Added Component: Designator=U9(SOIC-8)
Add component. Clean all parameters for all variants
Added Pin To Net: NetName=GND Pin=BC3-1
Added Pin To Net: NetName=+3.3V Pin=BC3-2
Added Pin To Net: NetName=GND Pin=BC5-1
Added Pin To Net: NetName=+3.3V Pin=BC5-2
Added Pin To Net: NetName=GND Pin=BC6-1
Added Pin To Net: NetName=GND Pin=BC7-1
Added Pin To Net: NetName=+3.3V Pin=BC7-2
Added Pin To Net: NetName=GND Pin=BC9-2
Added Pin To Net: NetName=GND Pin=BC10-2
Added Pin To Net: NetName=GND Pin=C2-1
Added Pin To Net: NetName=AIN Pin=C2-2
Added Pin To Net: NetName=GND Pin=C3-1
Added Pin To Net: NetName=AIN Pin=C3-2
Added Pin To Net: NetName=GND Pin=C4-1
Added Pin To Net: NetName=N17334107 Pin=C4-2
Added Pin To Net: NetName=GND Pin=C5-1
Added Pin To Net: NetName=N17334111 Pin=C5-2
Added Pin To Net: NetName=AOUT Pin=C6-1
Added Pin To Net: NetName=GND Pin=C7-2
Added Pin To Net: NetName=+12V Pin=C11-1
Added Pin To Net: NetName=GND Pin=C11-2
Added Pin To Net: NetName=+12V Pin=C12-1
Added Pin To Net: NetName=GND Pin=C12-2
Added Pin To Net: NetName=N17016775 Pin=C13-1
Added Pin To Net: NetName=GND Pin=C13-2
Added Pin To Net: NetName=N17016804 Pin=C14-1
Added Pin To Net: NetName=N17016806 Pin=C14-2
Added Pin To Net: NetName=N173250840 Pin=C15-1
Added Pin To Net: NetName=N17016832 Pin=C15-2
Added Pin To Net: NetName=+3.3V Pin=C16-1
Added Pin To Net: NetName=GND Pin=C16-2
Added Pin To Net: NetName=+3.3V Pin=C17-1
Added Pin To Net: NetName=GND Pin=C17-2
Added Pin To Net: NetName=N17383778 Pin=C20-1
Added Pin To Net: NetName=MVDD Pin=C20-2
Added Pin To Net: NetName=N17383858 Pin=C21-1
Added Pin To Net: NetName=MVDD Pin=C21-2
Added Pin To Net: NetName=N17383760 Pin=C22-1
Added Pin To Net: NetName=GND Pin=C22-2
Added Pin To Net: NetName=MVDD Pin=C26-1
Added Pin To Net: NetName=GND Pin=C26-2
Added Pin To Net: NetName=+3.3V Pin=FB2-1
Added Pin To Net: NetName=+12V Pin=FB3-1
Added Pin To Net: NetName=MVDD Pin=FB4-1
Added Pin To Net: NetName=+3.3V Pin=FB4-2
Added Pin To Net: NetName=AIN Pin=J13-1
Added Pin To Net: NetName=GND Pin=J13-2
Added Pin To Net: NetName=GND Pin=J13-4
Added Pin To Net: NetName=GND Pin=J13-5
Added Pin To Net: NetName=GND Pin=R47-1
Added Pin To Net: NetName=AIN Pin=R47-2
Added Pin To Net: NetName=GND Pin=R53-1
Added Pin To Net: NetName=AIN Pin=R53-2
Added Pin To Net: NetName=AIN Pin=R54-1
Added Pin To Net: NetName=GND Pin=R55-1
Added Pin To Net: NetName=GND Pin=R56-1
Added Pin To Net: NetName=AOUT Pin=R58-1
Added Pin To Net: NetName=GND Pin=U9-2
Added Pin To Net: NetName=GND Pin=U9-4
Change Net Name : Old Net Name=SD0_CLK_17293153 New Net Name=SD0_CLK
Change Net Name : Old Net Name=SD0_CMD_17293153 New Net Name=SD0_CMD
Change Net Name : Old Net Name=SD0_DATA0_17293153 New Net Name=SD0_DATA0
Change Net Name : Old Net Name=SD0_DATA1_17293153 New Net Name=SD0_DATA1
Change Net Name : Old Net Name=SD0_DATA2_17293153 New Net Name=SD0_DATA2
Change Net Name : Old Net Name=SD0_DATA3_17293153 New Net Name=SD0_DATA3
Added Pin To Net: NetName=AOUT0_CON Pin=C10-2
Added Pin To Net: NetName=AOUT0_CON Pin=J13-3
Added Pin To Net: NetName=AOUT0_CON Pin=R58-2
Added Net: Name=AOUT0_CON
Added Pin To Net: NetName=N17393172 Pin=BC6-2
Added Pin To Net: NetName=N17393172 Pin=FB2-2
Added Pin To Net: NetName=N17393172 Pin=R54-2
Added Net: Name=N17393172
Added Pin To Net: NetName=N17393514 Pin=C9-2
Added Pin To Net: NetName=N17393514 Pin=C10-1
Added Pin To Net: NetName=N17393514 Pin=U9-5
Added Net: Name=N17393514
Added Pin To Net: NetName=N17393522 Pin=BC9-1
Added Pin To Net: NetName=N17393522 Pin=BC10-1
Added Pin To Net: NetName=N17393522 Pin=FB3-2
Added Pin To Net: NetName=N17393522 Pin=U9-6
Added Net: Name=N17393522
Added Pin To Net: NetName=N17393524 Pin=C7-1
Added Pin To Net: NetName=N17393524 Pin=R56-2
Added Pin To Net: NetName=N17393524 Pin=R57-2
Added Pin To Net: NetName=N17393524 Pin=U9-3
Added Net: Name=N17393524
Added Pin To Net: NetName=N17393534 Pin=C6-2
Added Pin To Net: NetName=N17393534 Pin=R57-1
Added Net: Name=N17393534
Added Pin To Net: NetName=N17393612 Pin=C8-1
Added Pin To Net: NetName=N17393612 Pin=U9-8
Added Net: Name=N17393612
Added Pin To Net: NetName=N17393640 Pin=C8-2
Added Pin To Net: NetName=N17393640 Pin=U9-1
Added Net: Name=N17393640
Added Pin To Net: NetName=N17393646 Pin=C9-1
Added Pin To Net: NetName=N17393646 Pin=R55-2
Added Net: Name=N17393646
