Removed Pin From Net: NetName=GND Pin=C8-1
Removed Pin From Net: NetName=GND Pin=C9-1
Removed Pin From Net: NetName=+3.3V Pin=FB1-2
Removed Pin From Net: NetName=SD0_DATA2 Pin=J9-1
Removed Pin From Net: NetName=SD0_DATA3 Pin=J9-2
Removed Pin From Net: NetName=SD0_CMD Pin=J9-3
Removed Pin From Net: NetName=SD0_CLK Pin=J9-5
Removed Pin From Net: NetName=GND Pin=J9-6
Removed Pin From Net: NetName=SD0_DATA0 Pin=J9-7
Removed Pin From Net: NetName=SD0_DATA1 Pin=J9-8
Removed Pin From Net: NetName=GND Pin=J9-9
Removed Pin From Net: NetName=GND Pin=J9-10
Removed Pin From Net: NetName=GND Pin=J9-11
Removed Pin From Net: NetName=GND Pin=J9-12
Removed Pin From Net: NetName=DO_COM_CON Pin=PC2-3
Removed Pin From Net: NetName=DO_CON0 Pin=PC2-4
Removed Pin From Net: NetName=SD0_DATA1 Pin=R47-1
Removed Pin From Net: NetName=+3.3V Pin=R47-2
Removed Pin From Net: NetName=SD0_DATA0 Pin=R48-1
Removed Pin From Net: NetName=+3.3V Pin=R48-2
Removed Pin From Net: NetName=SD0_DATA2 Pin=R49-1
Removed Pin From Net: NetName=+3.3V Pin=R49-2
Removed Pin From Net: NetName=SD0_DATA3 Pin=R50-1
Removed Pin From Net: NetName=+3.3V Pin=R50-2
Removed Pin From Net: NetName=SD0_CMD Pin=R51-1
Removed Pin From Net: NetName=+3.3V Pin=R51-2
Removed Pin From Net: NetName=SD0_CLK Pin=R52-1
Removed Pin From Net: NetName=+3.3V Pin=R52-2
Added Pin To Net: NetName=DO_CON0 Pin=PC2-3
Added Pin To Net: NetName=DO_COM_CON Pin=PC2-4
